<?xml version="1.0" encoding="UTF-8"?>
<testng-results ignored="0" total="1" passed="1" failed="0" skipped="0">
  <reporter-output>
  </reporter-output>
  <suite started-at="2022-10-27T14:41:46 IST" name="Default suite" finished-at="2022-10-27T14:41:46 IST" duration-ms="46">
    <groups>
    </groups>
    <test started-at="2022-10-27T14:41:46 IST" name="Default test" finished-at="2022-10-27T14:41:46 IST" duration-ms="46">
      <class name="basic1.Test1">
        <test-method signature="Demo1()[pri:0, instance:basic1.Test1@61d6015a]" started-at="2022-10-27T14:41:46 IST" name="Demo1" finished-at="2022-10-27T14:41:46 IST" duration-ms="8" status="PASS">
          <reporter-output>
          </reporter-output>
        </test-method> <!-- Demo1 -->
      </class> <!-- basic1.Test1 -->
    </test> <!-- Default test -->
  </suite> <!-- Default suite -->
</testng-results>
